[2018-10-03 03:41:10.380] [exthost1] [info] extension host started
[2018-10-03 03:41:10.398] [exthost1] [info] ExtensionService#_doActivateExtension vscode.debug-auto-launch {"startup":true,"activationEvent":"*"}
[2018-10-03 03:41:10.398] [exthost1] [info] ExtensionService#loadCommonJSModule /usr/share/code/resources/app/extensions/debug-auto-launch/out/extension
[2018-10-03 03:41:10.408] [exthost1] [info] ExtensionService#_doActivateExtension vscode.emmet {"startup":true,"activationEvent":"*"}
[2018-10-03 03:41:10.408] [exthost1] [info] ExtensionService#loadCommonJSModule /usr/share/code/resources/app/extensions/emmet/dist/extension
[2018-10-03 03:41:10.459] [exthost1] [info] ExtensionService#_doActivateExtension vscode.git {"startup":true,"activationEvent":"*"}
[2018-10-03 03:41:10.459] [exthost1] [info] ExtensionService#loadCommonJSModule /usr/share/code/resources/app/extensions/git/dist/main
[2018-10-03 03:41:10.617] [exthost1] [info] ExtensionService#_doActivateExtension vscode.merge-conflict {"startup":true,"activationEvent":"*"}
[2018-10-03 03:41:10.617] [exthost1] [info] ExtensionService#loadCommonJSModule /usr/share/code/resources/app/extensions/merge-conflict/out/extension
[2018-10-03 03:41:10.627] [exthost1] [info] ExtensionService#_doActivateExtension vscode.search-rg {"startup":true,"activationEvent":"*"}
[2018-10-03 03:41:10.627] [exthost1] [info] ExtensionService#loadCommonJSModule /usr/share/code/resources/app/extensions/search-rg/out/extension
[2018-10-03 03:41:10.632] [exthost1] [info] ExtensionService#_doActivateExtension CoenraadS.bracket-pair-colorizer {"startup":true,"activationEvent":"*"}
[2018-10-03 03:41:10.632] [exthost1] [info] ExtensionService#loadCommonJSModule /home/haider/.vscode/extensions/coenraads.bracket-pair-colorizer-1.0.60/out/src/extension
[2018-10-03 03:41:10.642] [exthost1] [info] ExtensionService#_doActivateExtension esbenp.prettier-vscode {"startup":true,"activationEvent":"*"}
[2018-10-03 03:41:10.643] [exthost1] [info] ExtensionService#loadCommonJSModule /home/haider/.vscode/extensions/esbenp.prettier-vscode-1.6.1/out/src/extension
[2018-10-03 03:41:10.786] [exthost1] [info] ExtensionService#_doActivateExtension ritwickdey.LiveServer {"startup":true,"activationEvent":"*"}
[2018-10-03 03:41:10.786] [exthost1] [info] ExtensionService#loadCommonJSModule /home/haider/.vscode/extensions/ritwickdey.liveserver-5.1.1/out/src/extension
[2018-10-03 03:41:11.000] [exthost1] [info] eager extensions activated
[2018-10-03 03:41:21.285] [exthost1] [info] extension host started
[2018-10-03 03:41:21.310] [exthost1] [info] ExtensionService#_doActivateExtension vscode.debug-auto-launch {"startup":true,"activationEvent":"*"}
[2018-10-03 03:41:21.310] [exthost1] [info] ExtensionService#loadCommonJSModule /usr/share/code/resources/app/extensions/debug-auto-launch/out/extension
[2018-10-03 03:41:21.317] [exthost1] [info] ExtensionService#_doActivateExtension vscode.emmet {"startup":true,"activationEvent":"*"}
[2018-10-03 03:41:21.317] [exthost1] [info] ExtensionService#loadCommonJSModule /usr/share/code/resources/app/extensions/emmet/dist/extension
[2018-10-03 03:41:21.356] [exthost1] [info] ExtensionService#_doActivateExtension vscode.git {"startup":true,"activationEvent":"*"}
[2018-10-03 03:41:21.356] [exthost1] [info] ExtensionService#loadCommonJSModule /usr/share/code/resources/app/extensions/git/dist/main
[2018-10-03 03:41:21.512] [exthost1] [info] ExtensionService#_doActivateExtension vscode.merge-conflict {"startup":true,"activationEvent":"*"}
[2018-10-03 03:41:21.512] [exthost1] [info] ExtensionService#loadCommonJSModule /usr/share/code/resources/app/extensions/merge-conflict/out/extension
[2018-10-03 03:41:21.524] [exthost1] [info] ExtensionService#_doActivateExtension vscode.search-rg {"startup":true,"activationEvent":"*"}
[2018-10-03 03:41:21.524] [exthost1] [info] ExtensionService#loadCommonJSModule /usr/share/code/resources/app/extensions/search-rg/out/extension
[2018-10-03 03:41:21.530] [exthost1] [info] ExtensionService#_doActivateExtension CoenraadS.bracket-pair-colorizer {"startup":true,"activationEvent":"*"}
[2018-10-03 03:41:21.530] [exthost1] [info] ExtensionService#loadCommonJSModule /home/haider/.vscode/extensions/coenraads.bracket-pair-colorizer-1.0.60/out/src/extension
[2018-10-03 03:41:21.542] [exthost1] [info] ExtensionService#_doActivateExtension esbenp.prettier-vscode {"startup":true,"activationEvent":"*"}
[2018-10-03 03:41:21.542] [exthost1] [info] ExtensionService#loadCommonJSModule /home/haider/.vscode/extensions/esbenp.prettier-vscode-1.6.1/out/src/extension
[2018-10-03 03:41:21.719] [exthost1] [info] ExtensionService#_doActivateExtension ritwickdey.LiveServer {"startup":true,"activationEvent":"*"}
[2018-10-03 03:41:21.719] [exthost1] [info] ExtensionService#loadCommonJSModule /home/haider/.vscode/extensions/ritwickdey.liveserver-5.1.1/out/src/extension
[2018-10-03 03:41:21.977] [exthost1] [info] eager extensions activated
[2018-10-03 03:41:30.547] [exthost1] [info] ExtensionService#_doActivateExtension vscode.extension-editing {"startup":false,"activationEvent":"onLanguage:typescript"}
[2018-10-03 03:41:30.548] [exthost1] [info] ExtensionService#loadCommonJSModule /usr/share/code/resources/app/extensions/extension-editing/out/extension
[2018-10-03 03:41:30.684] [exthost1] [info] ExtensionService#_doActivateExtension vscode.typescript-language-features {"startup":false,"activationEvent":"onLanguage:typescript"}
[2018-10-03 03:41:30.684] [exthost1] [info] ExtensionService#loadCommonJSModule /usr/share/code/resources/app/extensions/typescript-language-features/dist/extension
[2018-10-03 03:41:30.961] [exthost1] [info] ExtensionService#_doActivateExtension leizongmin.node-module-intellisense {"startup":false,"activationEvent":"onLanguage:typescript"}
[2018-10-03 03:41:30.961] [exthost1] [info] ExtensionService#loadCommonJSModule /home/haider/.vscode/extensions/leizongmin.node-module-intellisense-1.5.0/out/src/extension
[2018-10-03 03:41:47.259] [exthost1] [info] ExtensionService#_doActivateExtension vscode.configuration-editing {"startup":false,"activationEvent":"onLanguage:jsonc"}
[2018-10-03 03:41:47.259] [exthost1] [info] ExtensionService#loadCommonJSModule /usr/share/code/resources/app/extensions/configuration-editing/out/extension
[2018-10-03 03:41:47.696] [exthost1] [info] ExtensionService#_doActivateExtension vscode.json-language-features {"startup":false,"activationEvent":"onLanguage:jsonc"}
[2018-10-03 03:41:47.696] [exthost1] [info] ExtensionService#loadCommonJSModule /usr/share/code/resources/app/extensions/json-language-features/client/dist/jsonMain
[2018-10-03 03:44:40.233] [exthost1] [info] ExtensionService#_doActivateExtension vscode.html-language-features {"startup":false,"activationEvent":"onLanguage:html"}
[2018-10-03 03:44:40.233] [exthost1] [info] ExtensionService#loadCommonJSModule /usr/share/code/resources/app/extensions/html-language-features/client/dist/htmlMain
[2018-10-03 04:49:44.125] [exthost1] [info] ExtensionService#_doActivateExtension vscode.php-language-features {"startup":false,"activationEvent":"onLanguage:php"}
[2018-10-03 04:49:44.125] [exthost1] [info] ExtensionService#loadCommonJSModule /usr/share/code/resources/app/extensions/php-language-features/out/phpMain
